Using pre-set license
Built from '2020.2/staging' branch; Version is '2020.2.3f1 (8ff31bc5bf5b) revision 9433883'; Using compiler version '192528614'; Build Type 'Release'
OS: 'Windows 10 Home; OS build 19041.867; Version 2004; 64bit' Language: 'en' Physical Memory: 8141 MB
BatchMode: 1, IsHumanControllingUs: 0, StartBugReporterOnCrash: 0, Is64bit: 1, IsPro: 0

 COMMAND LINE ARGUMENTS:
C:\Program Files\Unity\Hub\Editor\2020.2.3f1\Editor\Unity.exe
-adb2
-batchMode
-noUpm
-name
AssetImportWorker0
-projectPath
C:/Users/Denis/Documents/CosmicVision/Cosmic_Vision
-logFile
Logs/AssetImportWorker0.log
-srvPort
55045
Successfully changed project path to: C:/Users/Denis/Documents/CosmicVision/Cosmic_Vision
C:/Users/Denis/Documents/CosmicVision/Cosmic_Vision
Using Asset Import Pipeline V2.
Refreshing native plugins compatible for Editor in 37.51 ms, found 1 plugins.
Preloading 0 native plugins for Editor in 0.00 ms.
Initialize engine version: 2020.2.3f1 (8ff31bc5bf5b)
[Subsystems] Discovering subsystems at path C:/Program Files/Unity/Hub/Editor/2020.2.3f1/Editor/Data/Resources/UnitySubsystems
[Subsystems] Discovering subsystems at path C:/Users/Denis/Documents/CosmicVision/Cosmic_Vision/Assets
GfxDevice: creating device client; threaded=0
Direct3D:
    Version:  Direct3D 11.0 [level 11.1]
    Renderer: NVIDIA GeForce GTX 970 (ID=0x13c2)
    Vendor:   
    VRAM:     4043 MB
    Driver:   27.21.14.5671
Initialize mono
Mono path[0] = 'C:/Program Files/Unity/Hub/Editor/2020.2.3f1/Editor/Data/Managed'
Mono path[1] = 'C:/Program Files/Unity/Hub/Editor/2020.2.3f1/Editor/Data/MonoBleedingEdge/lib/mono/unityjit'
Mono config path = 'C:/Program Files/Unity/Hub/Editor/2020.2.3f1/Editor/Data/MonoBleedingEdge/etc'
Using monoOptions --debugger-agent=transport=dt_socket,embedding=1,server=y,suspend=n,address=127.0.0.1:56668
Begin MonoManager ReloadAssembly
Registering precompiled unity dll's ...
Register platform support module: C:/Program Files/Unity/Hub/Editor/2020.2.3f1/Editor/Data/PlaybackEngines/WindowsStandaloneSupport/UnityEditor.WindowsStandalone.Extensions.dll
Registered in 0.001961 seconds.
Native extension for WindowsStandalone target not found
Refreshing native plugins compatible for Editor in 39.96 ms, found 1 plugins.
Preloading 0 native plugins for Editor in 0.00 ms.
Invoked RoslynAnalysisRunner static constructor.
RoslynAnalysisRunner will not be running.
RoslynAnalysisRunner has terminated.
Mono: successfully reloaded assembly
- Completed reload, in  1.109 seconds
Platform modules already initialized, skipping
Registering precompiled user dll's ...
Registered in 0.001268 seconds.
Begin MonoManager ReloadAssembly
Native extension for WindowsStandalone target not found
Refreshing native plugins compatible for Editor in 41.17 ms, found 1 plugins.
Preloading 0 native plugins for Editor in 0.00 ms.
Invoked RoslynAnalysisRunner static constructor.
RoslynAnalysisRunner will not be running.
RoslynAnalysisRunner has terminated.
Mono: successfully reloaded assembly
- Completed reload, in  0.984 seconds
Platform modules already initialized, skipping
========================================================================
Worker process is ready to serve import requests
Launched and connected shader compiler UnityShaderCompiler.exe after 0.06 seconds
Refreshing native plugins compatible for Editor in 0.30 ms, found 1 plugins.
Preloading 0 native plugins for Editor in 0.00 ms.
Unloading 1792 Unused Serialized files (Serialized files now loaded: 0)
System memory in use before: 84.3 MB.
System memory in use after: 84.3 MB.

Unloading 24 unused Assets to reduce memory usage. Loaded Objects now: 2233.
Total: 2.084500 ms (FindLiveObjects: 0.224400 ms CreateObjectMapping: 0.217100 ms MarkObjects: 1.475600 ms  DeleteObjects: 0.166200 ms)

========================================================================
Received Import Request.
  path: Assets
  artifactKey: Guid(00000000000000001000000000000000) Importer(815301076,1909f56bfc062723c751e8b465ee728b)
Start importing Assets using Guid(00000000000000001000000000000000) Importer(815301076,1909f56bfc062723c751e8b465ee728b)  -> (artifact id: '653ce283d384579a24208b2e4d727c2a') in 0.012442 seconds
  Import took 0.014968 seconds .

========================================================================
Received Prepare
Registering precompiled user dll's ...
Registered in 0.001909 seconds.
Begin MonoManager ReloadAssembly
Native extension for WindowsStandalone target not found
Refreshing native plugins compatible for Editor in 78.02 ms, found 1 plugins.
Preloading 0 native plugins for Editor in 0.00 ms.
Invoked RoslynAnalysisRunner static constructor.
RoslynAnalysisRunner will not be running.
RoslynAnalysisRunner has terminated.
Mono: successfully reloaded assembly
- Completed reload, in  1.591 seconds
Platform modules already initialized, skipping
Shader 'Universal Render Pipeline/Nature/SpeedTree7': dependency 'BillboardShader' shader 'Universal Render Pipeline/Nature/SpeedTree7 Billboard' not found
Shader 'Universal Render Pipeline/Baked Lit': fallback shader 'Universal Render Pipeline/Unlit' not found
Shader 'Universal Render Pipeline/Simple Lit': fallback shader 'Hidden/Universal Render Pipeline/FallbackError' not found
Shader 'Universal Render Pipeline/Terrain/Lit': fallback shader 'Hidden/Universal Render Pipeline/FallbackError' not found
Shader 'Universal Render Pipeline/Terrain/Lit': dependency 'AddPassShader' shader 'Hidden/Universal Render Pipeline/Terrain/Lit (Add Pass)' not found
Shader 'Universal Render Pipeline/Terrain/Lit': dependency 'BaseMapShader' shader 'Hidden/Universal Render Pipeline/Terrain/Lit (Base Pass)' not found
Shader 'Universal Render Pipeline/Terrain/Lit': dependency 'BaseMapGenShader' shader 'Hidden/Universal Render Pipeline/Terrain/Lit (Basemap Gen)' not found
Shader 'Hidden/Universal Render Pipeline/Terrain/Lit (Add Pass)': fallback shader 'Hidden/Universal Render Pipeline/FallbackError' not found
Shader 'Hidden/Universal Render Pipeline/Terrain/Lit (Base Pass)': fallback shader 'Hidden/Universal Render Pipeline/FallbackError' not found
Shader 'Universal Render Pipeline/Particles/Lit': fallback shader 'Universal Render Pipeline/Particles/SimpleLit' not found
Shader 'Universal Render Pipeline/Particles/Lit': fallback shader 'Universal Render Pipeline/Particles/SimpleLit' not found
Refreshing native plugins compatible for Editor in 0.50 ms, found 1 plugins.
Preloading 0 native plugins for Editor in 0.00 ms.
Unloading 2874 Unused Serialized files (Serialized files now loaded: 0)
System memory in use before: 122.1 MB.
System memory in use after: 118.5 MB.

Unloading 69 unused Assets to reduce memory usage. Loaded Objects now: 3266.
Total: 6.005900 ms (FindLiveObjects: 0.285100 ms CreateObjectMapping: 0.178400 ms MarkObjects: 1.829300 ms  DeleteObjects: 3.711700 ms)

========================================================================
Received Import Request.
  Time since last request: 381.046877 seconds.
  path: Assets/RP
  artifactKey: Guid(3f14fb2774c532d4eb097ab16cec521d) Importer(815301076,1909f56bfc062723c751e8b465ee728b)
Start importing Assets/RP using Guid(3f14fb2774c532d4eb097ab16cec521d) Importer(815301076,1909f56bfc062723c751e8b465ee728b)  -> (artifact id: '610dbaad36248d10456564064f47434f') in 0.013111 seconds
  Import took 0.017921 seconds .

========================================================================
Received Import Request.
  Time since last request: 11.980296 seconds.
  path: Assets/RP/UniversalRenderPipelineAsset.asset
  artifactKey: Guid(e3030e336a904214082913891bd41b8a) Importer(815301076,1909f56bfc062723c751e8b465ee728b)
Start importing Assets/RP/UniversalRenderPipelineAsset.asset using Guid(e3030e336a904214082913891bd41b8a) Importer(815301076,1909f56bfc062723c751e8b465ee728b)  -> (artifact id: '32c254de24da35a1db58e7e626825707') in 0.097548 seconds
  Import took 0.103831 seconds .

========================================================================
Received Import Request.
  Time since last request: 0.000342 seconds.
  path: Assets/RP/UniversalRenderPipelineAsset_Renderer.asset
  artifactKey: Guid(0bcd3839882f9704ab550497a91bb707) Importer(815301076,1909f56bfc062723c751e8b465ee728b)
Start importing Assets/RP/UniversalRenderPipelineAsset_Renderer.asset using Guid(0bcd3839882f9704ab550497a91bb707) Importer(815301076,1909f56bfc062723c751e8b465ee728b)  -> (artifact id: '586e98b1ebeb0a943ff88ef92bde768d') in 0.040400 seconds
  Import took 0.045681 seconds .

========================================================================
Received Import Request.
  Time since last request: 10.940883 seconds.
  path: Assets/RP/New 2D Renderer Data.asset
  artifactKey: Guid(4ed1ac72069014c499993b5f51915496) Importer(815301076,1909f56bfc062723c751e8b465ee728b)
Start importing Assets/RP/New 2D Renderer Data.asset using Guid(4ed1ac72069014c499993b5f51915496) Importer(815301076,1909f56bfc062723c751e8b465ee728b)  -> (artifact id: '2ccdf86f4debd62fe0b60df732682a3b') in 0.033425 seconds
  Import took 0.040054 seconds .

========================================================================
Received Prepare
Switching render pipeline 00000000000000000000000000000000 -> e3030e336a904214082913891bd41b8a
Shader 'Universal Render Pipeline/Particles/Lit': fallback shader 'Universal Render Pipeline/Particles/SimpleLit' not found
Shader 'Universal Render Pipeline/Particles/Lit': fallback shader 'Universal Render Pipeline/Particles/SimpleLit' not found
Refreshing native plugins compatible for Editor in 2.15 ms, found 1 plugins.
Preloading 0 native plugins for Editor in 0.00 ms.
Unloading 115 Unused Serialized files (Serialized files now loaded: 0)
System memory in use before: 71.4 MB.
System memory in use after: 68.9 MB.

Unloading 47 unused Assets to reduce memory usage. Loaded Objects now: 3334.
Total: 4.693100 ms (FindLiveObjects: 0.280300 ms CreateObjectMapping: 0.148800 ms MarkObjects: 2.744800 ms  DeleteObjects: 1.517800 ms)

AssetImportParameters requested are different than current active one (requested -> active):
  custom:srp/default-shader: 0000e00a000e0de00000e000e02d0000 -> 0000e00a000e0de00000e000e0000000
========================================================================
Received Import Request.
  Time since last request: 100.212061 seconds.
  path: Assets/RP/New 2D Renderer Data.asset
  artifactKey: Guid(4ed1ac72069014c499993b5f51915496) Importer(815301076,1909f56bfc062723c751e8b465ee728b)
Start importing Assets/RP/New 2D Renderer Data.asset using Guid(4ed1ac72069014c499993b5f51915496) Importer(815301076,1909f56bfc062723c751e8b465ee728b)  -> (artifact id: 'd61a6abb68176c04c73b2136a291d00a') in 0.025822 seconds
  Import took 0.037460 seconds .

========================================================================
Received Import Request.
  Time since last request: 0.000287 seconds.
  path: Assets/RP/UniversalRenderPipelineAsset.asset
  artifactKey: Guid(e3030e336a904214082913891bd41b8a) Importer(815301076,1909f56bfc062723c751e8b465ee728b)
Start importing Assets/RP/UniversalRenderPipelineAsset.asset using Guid(e3030e336a904214082913891bd41b8a) Importer(815301076,1909f56bfc062723c751e8b465ee728b)  -> (artifact id: '4ba305a26a2d741b65d7ce9c8a9590ba') in 0.005468 seconds
  Import took 0.010486 seconds .

========================================================================
Received Import Request.
  Time since last request: 0.000265 seconds.
  path: Assets/RP/UniversalRenderPipelineAsset_Renderer.asset
  artifactKey: Guid(0bcd3839882f9704ab550497a91bb707) Importer(815301076,1909f56bfc062723c751e8b465ee728b)
Start importing Assets/RP/UniversalRenderPipelineAsset_Renderer.asset using Guid(0bcd3839882f9704ab550497a91bb707) Importer(815301076,1909f56bfc062723c751e8b465ee728b)  -> (artifact id: '1ce34fbb520d293d22a5622e84a41e70') in 0.006327 seconds
  Import took 0.011113 seconds .

========================================================================
Received Import Request.
  Time since last request: 0.000292 seconds.
  path: Assets/RP/New 2D Renderer Data.asset
  artifactKey: Guid(4ed1ac72069014c499993b5f51915496) Importer(815301076,1909f56bfc062723c751e8b465ee728b)
Start importing Assets/RP/New 2D Renderer Data.asset using Guid(4ed1ac72069014c499993b5f51915496) Importer(815301076,1909f56bfc062723c751e8b465ee728b)  -> (artifact id: 'd61a6abb68176c04c73b2136a291d00a') in 0.009960 seconds
  Import took 0.016672 seconds .

========================================================================
Received Import Request.
  Time since last request: 987.510650 seconds.
  path: Assets/Scripts
  artifactKey: Guid(77e76b40b396ae74e8489810000bad49) Importer(815301076,1909f56bfc062723c751e8b465ee728b)
Start importing Assets/Scripts using Guid(77e76b40b396ae74e8489810000bad49) Importer(815301076,1909f56bfc062723c751e8b465ee728b)  -> (artifact id: '256db1a9b451d839e5dc0a5cf72c12b5') in 0.007684 seconds
  Import took 0.013427 seconds .

========================================================================
Received Import Request.
  Time since last request: 0.004426 seconds.
  path: Assets/Scripts
  artifactKey: Guid(77e76b40b396ae74e8489810000bad49) Importer(815301076,1909f56bfc062723c751e8b465ee728b)
Start importing Assets/Scripts using Guid(77e76b40b396ae74e8489810000bad49) Importer(815301076,1909f56bfc062723c751e8b465ee728b)  -> (artifact id: '256db1a9b451d839e5dc0a5cf72c12b5') in 0.003003 seconds
  Import took 0.009543 seconds .

========================================================================
Received Import Request.
  Time since last request: 11.978532 seconds.
  path: Assets/Scripts/PlayerController.cs
  artifactKey: Guid(f485e7dd91e0bee468eb3de9540ccf60) Importer(815301076,1909f56bfc062723c751e8b465ee728b)
Start importing Assets/Scripts/PlayerController.cs using Guid(f485e7dd91e0bee468eb3de9540ccf60) Importer(815301076,1909f56bfc062723c751e8b465ee728b)  -> (artifact id: '83b781fc00518cf1729aa889439baf93') in 0.020923 seconds
  Import took 0.027981 seconds .

========================================================================
Received Prepare
Registering precompiled user dll's ...
Registered in 0.001713 seconds.
Begin MonoManager ReloadAssembly
Native extension for WindowsStandalone target not found
Refreshing native plugins compatible for Editor in 0.50 ms, found 1 plugins.
Preloading 0 native plugins for Editor in 0.00 ms.
Invoked RoslynAnalysisRunner static constructor.
RoslynAnalysisRunner will not be running.
RoslynAnalysisRunner has terminated.
Mono: successfully reloaded assembly
- Completed reload, in  1.252 seconds
Platform modules already initialized, skipping
Switching render pipeline 00000000000000000000000000000000 -> e3030e336a904214082913891bd41b8a
Shader 'Universal Render Pipeline/Particles/Lit': fallback shader 'Universal Render Pipeline/Particles/SimpleLit' not found
Shader 'Universal Render Pipeline/Particles/Lit': fallback shader 'Universal Render Pipeline/Particles/SimpleLit' not found
Refreshing native plugins compatible for Editor in 0.46 ms, found 1 plugins.
Preloading 0 native plugins for Editor in 0.00 ms.
Unloading 2856 Unused Serialized files (Serialized files now loaded: 0)
System memory in use before: 123.7 MB.
System memory in use after: 121.4 MB.

Unloading 48 unused Assets to reduce memory usage. Loaded Objects now: 3341.
Total: 3.702200 ms (FindLiveObjects: 0.347100 ms CreateObjectMapping: 0.173500 ms MarkObjects: 1.853200 ms  DeleteObjects: 1.327300 ms)

AssetImportParameters requested are different than current active one (requested -> active):
  custom:srp/default-shader: 0000e00a000e0de00000e000e02d0000 -> 0000e00a000e0de00000e000e0000000
========================================================================
Received Prepare
Registering precompiled user dll's ...
Registered in 0.001659 seconds.
Begin MonoManager ReloadAssembly
Native extension for WindowsStandalone target not found
Refreshing native plugins compatible for Editor in 0.66 ms, found 1 plugins.
Preloading 0 native plugins for Editor in 0.00 ms.
Invoked RoslynAnalysisRunner static constructor.
RoslynAnalysisRunner will not be running.
RoslynAnalysisRunner has terminated.
Mono: successfully reloaded assembly
- Completed reload, in  0.963 seconds
Platform modules already initialized, skipping
Switching render pipeline 00000000000000000000000000000000 -> e3030e336a904214082913891bd41b8a
Shader 'Universal Render Pipeline/Particles/Lit': fallback shader 'Universal Render Pipeline/Particles/SimpleLit' not found
Shader 'Universal Render Pipeline/Particles/Lit': fallback shader 'Universal Render Pipeline/Particles/SimpleLit' not found
Refreshing native plugins compatible for Editor in 0.46 ms, found 1 plugins.
Preloading 0 native plugins for Editor in 0.00 ms.
Unloading 2854 Unused Serialized files (Serialized files now loaded: 0)
System memory in use before: 123.7 MB.
System memory in use after: 121.4 MB.

Unloading 48 unused Assets to reduce memory usage. Loaded Objects now: 3344.
Total: 3.728500 ms (FindLiveObjects: 0.449700 ms CreateObjectMapping: 0.196800 ms MarkObjects: 1.716200 ms  DeleteObjects: 1.364500 ms)

AssetImportParameters requested are different than current active one (requested -> active):
  custom:srp/default-shader: 0000e00a000e0de00000e000e02d0000 -> 0000e00a000e0de00000e000e0000000
========================================================================
Received Import Request.
  Time since last request: 90.643448 seconds.
  path: Assets/Scripts/PlayerController.cs
  artifactKey: Guid(f485e7dd91e0bee468eb3de9540ccf60) Importer(815301076,1909f56bfc062723c751e8b465ee728b)
Start importing Assets/Scripts/PlayerController.cs using Guid(f485e7dd91e0bee468eb3de9540ccf60) Importer(815301076,1909f56bfc062723c751e8b465ee728b)  -> (artifact id: 'eea4ce62434e076a44314cf6ffeb6b24') in 0.005791 seconds
  Import took 0.010364 seconds .

========================================================================
Received Prepare
Registering precompiled user dll's ...
Registered in 0.001692 seconds.
Begin MonoManager ReloadAssembly
Native extension for WindowsStandalone target not found
Refreshing native plugins compatible for Editor in 0.44 ms, found 1 plugins.
Preloading 0 native plugins for Editor in 0.00 ms.
Invoked RoslynAnalysisRunner static constructor.
RoslynAnalysisRunner will not be running.
RoslynAnalysisRunner has terminated.
Mono: successfully reloaded assembly
- Completed reload, in  1.026 seconds
Platform modules already initialized, skipping
Switching render pipeline 00000000000000000000000000000000 -> e3030e336a904214082913891bd41b8a
Shader 'Universal Render Pipeline/Particles/Lit': fallback shader 'Universal Render Pipeline/Particles/SimpleLit' not found
Shader 'Universal Render Pipeline/Particles/Lit': fallback shader 'Universal Render Pipeline/Particles/SimpleLit' not found
Refreshing native plugins compatible for Editor in 0.44 ms, found 1 plugins.
Preloading 0 native plugins for Editor in 0.00 ms.
Unloading 2854 Unused Serialized files (Serialized files now loaded: 0)
System memory in use before: 123.7 MB.
System memory in use after: 121.4 MB.

Unloading 48 unused Assets to reduce memory usage. Loaded Objects now: 3347.
Total: 4.291500 ms (FindLiveObjects: 0.432800 ms CreateObjectMapping: 0.224000 ms MarkObjects: 2.201400 ms  DeleteObjects: 1.431600 ms)

AssetImportParameters requested are different than current active one (requested -> active):
  custom:srp/default-shader: 0000e00a000e0de00000e000e02d0000 -> 0000e00a000e0de00000e000e0000000
========================================================================
Received Import Request.
  Time since last request: 86.539173 seconds.
  path: Assets/Scripts/PlayerController.cs
  artifactKey: Guid(f485e7dd91e0bee468eb3de9540ccf60) Importer(815301076,1909f56bfc062723c751e8b465ee728b)
Start importing Assets/Scripts/PlayerController.cs using Guid(f485e7dd91e0bee468eb3de9540ccf60) Importer(815301076,1909f56bfc062723c751e8b465ee728b)  -> (artifact id: '30e523238c3df810c033d56362c21dbc') in 0.007965 seconds
  Import took 0.012326 seconds .

========================================================================
Received Prepare
Registering precompiled user dll's ...
Registered in 0.001732 seconds.
Begin MonoManager ReloadAssembly
Native extension for WindowsStandalone target not found
Refreshing native plugins compatible for Editor in 0.45 ms, found 1 plugins.
Preloading 0 native plugins for Editor in 0.00 ms.
Invoked RoslynAnalysisRunner static constructor.
RoslynAnalysisRunner will not be running.
RoslynAnalysisRunner has terminated.
Mono: successfully reloaded assembly
- Completed reload, in  0.938 seconds
Platform modules already initialized, skipping
Switching render pipeline 00000000000000000000000000000000 -> e3030e336a904214082913891bd41b8a
Shader 'Universal Render Pipeline/Particles/Lit': fallback shader 'Universal Render Pipeline/Particles/SimpleLit' not found
Shader 'Universal Render Pipeline/Particles/Lit': fallback shader 'Universal Render Pipeline/Particles/SimpleLit' not found
Refreshing native plugins compatible for Editor in 0.48 ms, found 1 plugins.
Preloading 0 native plugins for Editor in 0.00 ms.
Unloading 2854 Unused Serialized files (Serialized files now loaded: 0)
System memory in use before: 123.7 MB.
System memory in use after: 121.4 MB.

Unloading 48 unused Assets to reduce memory usage. Loaded Objects now: 3350.
Total: 3.874400 ms (FindLiveObjects: 0.329000 ms CreateObjectMapping: 0.155600 ms MarkObjects: 1.979300 ms  DeleteObjects: 1.409400 ms)

AssetImportParameters requested are different than current active one (requested -> active):
  custom:srp/default-shader: 0000e00a000e0de00000e000e02d0000 -> 0000e00a000e0de00000e000e0000000
========================================================================
Received Prepare
Registering precompiled user dll's ...
Registered in 0.001846 seconds.
Begin MonoManager ReloadAssembly
Native extension for WindowsStandalone target not found
Refreshing native plugins compatible for Editor in 0.48 ms, found 1 plugins.
Preloading 0 native plugins for Editor in 0.00 ms.
Invoked RoslynAnalysisRunner static constructor.
RoslynAnalysisRunner will not be running.
RoslynAnalysisRunner has terminated.
Mono: successfully reloaded assembly
- Completed reload, in  0.947 seconds
Platform modules already initialized, skipping
Switching render pipeline 00000000000000000000000000000000 -> e3030e336a904214082913891bd41b8a
Shader 'Universal Render Pipeline/Particles/Lit': fallback shader 'Universal Render Pipeline/Particles/SimpleLit' not found
Shader 'Universal Render Pipeline/Particles/Lit': fallback shader 'Universal Render Pipeline/Particles/SimpleLit' not found
Refreshing native plugins compatible for Editor in 0.47 ms, found 1 plugins.
Preloading 0 native plugins for Editor in 0.00 ms.
Unloading 2854 Unused Serialized files (Serialized files now loaded: 0)
System memory in use before: 123.8 MB.
System memory in use after: 121.4 MB.

Unloading 48 unused Assets to reduce memory usage. Loaded Objects now: 3353.
Total: 3.526900 ms (FindLiveObjects: 0.268100 ms CreateObjectMapping: 0.142000 ms MarkObjects: 1.723500 ms  DeleteObjects: 1.377800 ms)

AssetImportParameters requested are different than current active one (requested -> active):
  custom:srp/default-shader: 0000e00a000e0de00000e000e02d0000 -> 0000e00a000e0de00000e000e0000000
========================================================================
Received Prepare
Registering precompiled user dll's ...
Registered in 0.002066 seconds.
Begin MonoManager ReloadAssembly
Native extension for WindowsStandalone target not found
Refreshing native plugins compatible for Editor in 0.45 ms, found 1 plugins.
Preloading 0 native plugins for Editor in 0.00 ms.
Invoked RoslynAnalysisRunner static constructor.
RoslynAnalysisRunner will not be running.
RoslynAnalysisRunner has terminated.
Mono: successfully reloaded assembly
- Completed reload, in  0.934 seconds
Platform modules already initialized, skipping
Switching render pipeline 00000000000000000000000000000000 -> e3030e336a904214082913891bd41b8a
Shader 'Universal Render Pipeline/Particles/Lit': fallback shader 'Universal Render Pipeline/Particles/SimpleLit' not found
Shader 'Universal Render Pipeline/Particles/Lit': fallback shader 'Universal Render Pipeline/Particles/SimpleLit' not found
Refreshing native plugins compatible for Editor in 0.45 ms, found 1 plugins.
Preloading 0 native plugins for Editor in 0.00 ms.
Unloading 2854 Unused Serialized files (Serialized files now loaded: 0)
System memory in use before: 123.8 MB.
System memory in use after: 121.4 MB.

Unloading 48 unused Assets to reduce memory usage. Loaded Objects now: 3356.
Total: 5.602500 ms (FindLiveObjects: 0.289400 ms CreateObjectMapping: 0.140500 ms MarkObjects: 2.302500 ms  DeleteObjects: 2.854700 ms)

AssetImportParameters requested are different than current active one (requested -> active):
  custom:srp/default-shader: 0000e00a000e0de00000e000e02d0000 -> 0000e00a000e0de00000e000e0000000
========================================================================
Received Prepare
Registering precompiled user dll's ...
Registered in 0.001743 seconds.
Begin MonoManager ReloadAssembly
Native extension for WindowsStandalone target not found
Refreshing native plugins compatible for Editor in 0.45 ms, found 1 plugins.
Preloading 0 native plugins for Editor in 0.00 ms.
Invoked RoslynAnalysisRunner static constructor.
RoslynAnalysisRunner will not be running.
RoslynAnalysisRunner has terminated.
Mono: successfully reloaded assembly
- Completed reload, in  0.957 seconds
Platform modules already initialized, skipping
Switching render pipeline 00000000000000000000000000000000 -> e3030e336a904214082913891bd41b8a
Shader 'Universal Render Pipeline/Particles/Lit': fallback shader 'Universal Render Pipeline/Particles/SimpleLit' not found
Shader 'Universal Render Pipeline/Particles/Lit': fallback shader 'Universal Render Pipeline/Particles/SimpleLit' not found
Refreshing native plugins compatible for Editor in 0.49 ms, found 1 plugins.
Preloading 0 native plugins for Editor in 0.00 ms.
Unloading 2854 Unused Serialized files (Serialized files now loaded: 0)
System memory in use before: 123.8 MB.
System memory in use after: 121.5 MB.

Unloading 48 unused Assets to reduce memory usage. Loaded Objects now: 3359.
Total: 4.806000 ms (FindLiveObjects: 0.500100 ms CreateObjectMapping: 0.558000 ms MarkObjects: 2.080900 ms  DeleteObjects: 1.665300 ms)

AssetImportParameters requested are different than current active one (requested -> active):
  custom:srp/default-shader: 0000e00a000e0de00000e000e02d0000 -> 0000e00a000e0de00000e000e0000000
========================================================================
Received Import Request.
  Time since last request: 290.741144 seconds.
  path: Assets/Scripts/CameraFollow.cs
  artifactKey: Guid(b7746635057e4d14dadf06ff8102d6ef) Importer(815301076,1909f56bfc062723c751e8b465ee728b)
Start importing Assets/Scripts/CameraFollow.cs using Guid(b7746635057e4d14dadf06ff8102d6ef) Importer(815301076,1909f56bfc062723c751e8b465ee728b)  -> (artifact id: '65f7604822a0fc05274bf497f6a4bb81') in 0.021031 seconds
  Import took 0.034925 seconds .

========================================================================
Received Prepare
Registering precompiled user dll's ...
Registered in 0.001761 seconds.
Begin MonoManager ReloadAssembly
Native extension for WindowsStandalone target not found
Refreshing native plugins compatible for Editor in 0.44 ms, found 1 plugins.
Preloading 0 native plugins for Editor in 0.00 ms.
Invoked RoslynAnalysisRunner static constructor.
RoslynAnalysisRunner will not be running.
RoslynAnalysisRunner has terminated.
Mono: successfully reloaded assembly
- Completed reload, in  1.399 seconds
Platform modules already initialized, skipping
Switching render pipeline 00000000000000000000000000000000 -> e3030e336a904214082913891bd41b8a
Shader 'Universal Render Pipeline/Particles/Lit': fallback shader 'Universal Render Pipeline/Particles/SimpleLit' not found
Shader 'Universal Render Pipeline/Particles/Lit': fallback shader 'Universal Render Pipeline/Particles/SimpleLit' not found
Refreshing native plugins compatible for Editor in 0.72 ms, found 1 plugins.
Preloading 0 native plugins for Editor in 0.00 ms.
Unloading 2855 Unused Serialized files (Serialized files now loaded: 0)
System memory in use before: 123.8 MB.
System memory in use after: 121.5 MB.

Unloading 48 unused Assets to reduce memory usage. Loaded Objects now: 3363.
Total: 3.825100 ms (FindLiveObjects: 0.336500 ms CreateObjectMapping: 0.153000 ms MarkObjects: 1.951000 ms  DeleteObjects: 1.383000 ms)

AssetImportParameters requested are different than current active one (requested -> active):
  custom:srp/default-shader: 0000e00a000e0de00000e000e02d0000 -> 0000e00a000e0de00000e000e0000000
========================================================================
Received Prepare
Registering precompiled user dll's ...
Registered in 0.001836 seconds.
Begin MonoManager ReloadAssembly
Native extension for WindowsStandalone target not found
Refreshing native plugins compatible for Editor in 0.58 ms, found 1 plugins.
Preloading 0 native plugins for Editor in 0.00 ms.
Invoked RoslynAnalysisRunner static constructor.
RoslynAnalysisRunner will not be running.
RoslynAnalysisRunner has terminated.
Mono: successfully reloaded assembly
- Completed reload, in  0.964 seconds
Platform modules already initialized, skipping
Switching render pipeline 00000000000000000000000000000000 -> e3030e336a904214082913891bd41b8a
Shader 'Universal Render Pipeline/Particles/Lit': fallback shader 'Universal Render Pipeline/Particles/SimpleLit' not found
Shader 'Universal Render Pipeline/Particles/Lit': fallback shader 'Universal Render Pipeline/Particles/SimpleLit' not found
Refreshing native plugins compatible for Editor in 0.47 ms, found 1 plugins.
Preloading 0 native plugins for Editor in 0.00 ms.
Unloading 2855 Unused Serialized files (Serialized files now loaded: 0)
System memory in use before: 123.8 MB.
System memory in use after: 121.5 MB.

Unloading 48 unused Assets to reduce memory usage. Loaded Objects now: 3366.
Total: 3.786300 ms (FindLiveObjects: 0.331100 ms CreateObjectMapping: 0.169900 ms MarkObjects: 1.895800 ms  DeleteObjects: 1.388600 ms)

AssetImportParameters requested are different than current active one (requested -> active):
  custom:srp/default-shader: 0000e00a000e0de00000e000e02d0000 -> 0000e00a000e0de00000e000e0000000
========================================================================
Received Import Request.
  Time since last request: 347.275103 seconds.
  path: Assets/Scripts/CameraFollow.cs
  artifactKey: Guid(b7746635057e4d14dadf06ff8102d6ef) Importer(815301076,1909f56bfc062723c751e8b465ee728b)
Start importing Assets/Scripts/CameraFollow.cs using Guid(b7746635057e4d14dadf06ff8102d6ef) Importer(815301076,1909f56bfc062723c751e8b465ee728b)  -> (artifact id: '0d767f342939c514fd185a64a5ff891a') in 0.009922 seconds
  Import took 0.015901 seconds .

========================================================================
Received Prepare
Registering precompiled user dll's ...
Registered in 0.001776 seconds.
Begin MonoManager ReloadAssembly
Native extension for WindowsStandalone target not found
Refreshing native plugins compatible for Editor in 0.47 ms, found 1 plugins.
Preloading 0 native plugins for Editor in 0.00 ms.
Invoked RoslynAnalysisRunner static constructor.
RoslynAnalysisRunner will not be running.
RoslynAnalysisRunner has terminated.
Mono: successfully reloaded assembly
- Completed reload, in  1.012 seconds
Platform modules already initialized, skipping
Switching render pipeline 00000000000000000000000000000000 -> e3030e336a904214082913891bd41b8a
Shader 'Universal Render Pipeline/Particles/Lit': fallback shader 'Universal Render Pipeline/Particles/SimpleLit' not found
Shader 'Universal Render Pipeline/Particles/Lit': fallback shader 'Universal Render Pipeline/Particles/SimpleLit' not found
Refreshing native plugins compatible for Editor in 0.53 ms, found 1 plugins.
Preloading 0 native plugins for Editor in 0.00 ms.
Unloading 2855 Unused Serialized files (Serialized files now loaded: 0)
System memory in use before: 123.8 MB.
System memory in use after: 121.5 MB.

Unloading 48 unused Assets to reduce memory usage. Loaded Objects now: 3369.
Total: 6.171400 ms (FindLiveObjects: 0.357800 ms CreateObjectMapping: 0.205300 ms MarkObjects: 2.571200 ms  DeleteObjects: 3.035600 ms)

AssetImportParameters requested are different than current active one (requested -> active):
  custom:srp/default-shader: 0000e00a000e0de00000e000e02d0000 -> 0000e00a000e0de00000e000e0000000
========================================================================
Received Prepare
Registering precompiled user dll's ...
Registered in 0.002150 seconds.
Begin MonoManager ReloadAssembly
Native extension for WindowsStandalone target not found
Refreshing native plugins compatible for Editor in 0.44 ms, found 1 plugins.
Preloading 0 native plugins for Editor in 0.00 ms.
Invoked RoslynAnalysisRunner static constructor.
RoslynAnalysisRunner will not be running.
RoslynAnalysisRunner has terminated.
Mono: successfully reloaded assembly
- Completed reload, in  0.953 seconds
Platform modules already initialized, skipping
Switching render pipeline 00000000000000000000000000000000 -> e3030e336a904214082913891bd41b8a
Shader 'Universal Render Pipeline/Particles/Lit': fallback shader 'Universal Render Pipeline/Particles/SimpleLit' not found
Shader 'Universal Render Pipeline/Particles/Lit': fallback shader 'Universal Render Pipeline/Particles/SimpleLit' not found
Refreshing native plugins compatible for Editor in 0.55 ms, found 1 plugins.
Preloading 0 native plugins for Editor in 0.00 ms.
Unloading 2855 Unused Serialized files (Serialized files now loaded: 0)
System memory in use before: 123.9 MB.
System memory in use after: 121.5 MB.

Unloading 48 unused Assets to reduce memory usage. Loaded Objects now: 3372.
Total: 4.052000 ms (FindLiveObjects: 0.437900 ms CreateObjectMapping: 0.251800 ms MarkObjects: 1.989000 ms  DeleteObjects: 1.372000 ms)

AssetImportParameters requested are different than current active one (requested -> active):
  custom:srp/default-shader: 0000e00a000e0de00000e000e02d0000 -> 0000e00a000e0de00000e000e0000000
========================================================================
Received Prepare
Registering precompiled user dll's ...
Registered in 0.001861 seconds.
Begin MonoManager ReloadAssembly
Native extension for WindowsStandalone target not found
Refreshing native plugins compatible for Editor in 0.45 ms, found 1 plugins.
Preloading 0 native plugins for Editor in 0.00 ms.
Invoked RoslynAnalysisRunner static constructor.
RoslynAnalysisRunner will not be running.
RoslynAnalysisRunner has terminated.
Mono: successfully reloaded assembly
- Completed reload, in  1.044 seconds
Platform modules already initialized, skipping
Switching render pipeline 00000000000000000000000000000000 -> e3030e336a904214082913891bd41b8a
Shader 'Universal Render Pipeline/Particles/Lit': fallback shader 'Universal Render Pipeline/Particles/SimpleLit' not found
Shader 'Universal Render Pipeline/Particles/Lit': fallback shader 'Universal Render Pipeline/Particles/SimpleLit' not found
Refreshing native plugins compatible for Editor in 0.69 ms, found 1 plugins.
Preloading 0 native plugins for Editor in 0.00 ms.
Unloading 2855 Unused Serialized files (Serialized files now loaded: 0)
System memory in use before: 123.9 MB.
System memory in use after: 121.5 MB.

Unloading 48 unused Assets to reduce memory usage. Loaded Objects now: 3375.
Total: 3.989800 ms (FindLiveObjects: 0.374000 ms CreateObjectMapping: 0.167000 ms MarkObjects: 1.826800 ms  DeleteObjects: 1.620900 ms)

AssetImportParameters requested are different than current active one (requested -> active):
  custom:srp/default-shader: 0000e00a000e0de00000e000e02d0000 -> 0000e00a000e0de00000e000e0000000
========================================================================
Received Prepare
Registering precompiled user dll's ...
Registered in 0.001699 seconds.
Begin MonoManager ReloadAssembly
Native extension for WindowsStandalone target not found
Refreshing native plugins compatible for Editor in 0.54 ms, found 1 plugins.
Preloading 0 native plugins for Editor in 0.00 ms.
Invoked RoslynAnalysisRunner static constructor.
RoslynAnalysisRunner will not be running.
RoslynAnalysisRunner has terminated.
Mono: successfully reloaded assembly
- Completed reload, in  0.935 seconds
Platform modules already initialized, skipping
Switching render pipeline 00000000000000000000000000000000 -> e3030e336a904214082913891bd41b8a
Shader 'Universal Render Pipeline/Particles/Lit': fallback shader 'Universal Render Pipeline/Particles/SimpleLit' not found
Shader 'Universal Render Pipeline/Particles/Lit': fallback shader 'Universal Render Pipeline/Particles/SimpleLit' not found
Refreshing native plugins compatible for Editor in 0.47 ms, found 1 plugins.
Preloading 0 native plugins for Editor in 0.00 ms.
Unloading 2855 Unused Serialized files (Serialized files now loaded: 0)
System memory in use before: 123.8 MB.
System memory in use after: 121.5 MB.

Unloading 48 unused Assets to reduce memory usage. Loaded Objects now: 3378.
Total: 3.474900 ms (FindLiveObjects: 0.265900 ms CreateObjectMapping: 0.137000 ms MarkObjects: 1.682400 ms  DeleteObjects: 1.388900 ms)

AssetImportParameters requested are different than current active one (requested -> active):
  custom:srp/default-shader: 0000e00a000e0de00000e000e02d0000 -> 0000e00a000e0de00000e000e0000000
========================================================================
Received Prepare
Registering precompiled user dll's ...
Registered in 0.001653 seconds.
Begin MonoManager ReloadAssembly
Native extension for WindowsStandalone target not found
Refreshing native plugins compatible for Editor in 0.47 ms, found 1 plugins.
Preloading 0 native plugins for Editor in 0.00 ms.
Invoked RoslynAnalysisRunner static constructor.
RoslynAnalysisRunner will not be running.
RoslynAnalysisRunner has terminated.
Mono: successfully reloaded assembly
- Completed reload, in  0.942 seconds
Platform modules already initialized, skipping
Switching render pipeline 00000000000000000000000000000000 -> e3030e336a904214082913891bd41b8a
Shader 'Universal Render Pipeline/Particles/Lit': fallback shader 'Universal Render Pipeline/Particles/SimpleLit' not found
Shader 'Universal Render Pipeline/Particles/Lit': fallback shader 'Universal Render Pipeline/Particles/SimpleLit' not found
Refreshing native plugins compatible for Editor in 0.64 ms, found 1 plugins.
Preloading 0 native plugins for Editor in 0.00 ms.
Unloading 2855 Unused Serialized files (Serialized files now loaded: 0)
System memory in use before: 123.9 MB.
System memory in use after: 121.5 MB.

Unloading 48 unused Assets to reduce memory usage. Loaded Objects now: 3381.
Total: 3.954300 ms (FindLiveObjects: 0.344600 ms CreateObjectMapping: 0.120200 ms MarkObjects: 1.978700 ms  DeleteObjects: 1.509900 ms)

AssetImportParameters requested are different than current active one (requested -> active):
  custom:srp/default-shader: 0000e00a000e0de00000e000e02d0000 -> 0000e00a000e0de00000e000e0000000
========================================================================
Received Prepare
Registering precompiled user dll's ...
Registered in 0.002951 seconds.
Begin MonoManager ReloadAssembly
Native extension for WindowsStandalone target not found
Refreshing native plugins compatible for Editor in 0.50 ms, found 1 plugins.
Preloading 0 native plugins for Editor in 0.00 ms.
Invoked RoslynAnalysisRunner static constructor.
RoslynAnalysisRunner will not be running.
RoslynAnalysisRunner has terminated.
Mono: successfully reloaded assembly
- Completed reload, in  1.031 seconds
Platform modules already initialized, skipping
Switching render pipeline 00000000000000000000000000000000 -> e3030e336a904214082913891bd41b8a
Shader 'Universal Render Pipeline/Particles/Lit': fallback shader 'Universal Render Pipeline/Particles/SimpleLit' not found
Shader 'Universal Render Pipeline/Particles/Lit': fallback shader 'Universal Render Pipeline/Particles/SimpleLit' not found
Refreshing native plugins compatible for Editor in 0.45 ms, found 1 plugins.
Preloading 0 native plugins for Editor in 0.00 ms.
Unloading 2855 Unused Serialized files (Serialized files now loaded: 0)
System memory in use before: 123.8 MB.
System memory in use after: 121.5 MB.

Unloading 48 unused Assets to reduce memory usage. Loaded Objects now: 3384.
Total: 3.769300 ms (FindLiveObjects: 0.295500 ms CreateObjectMapping: 0.161200 ms MarkObjects: 1.753000 ms  DeleteObjects: 1.558500 ms)

AssetImportParameters requested are different than current active one (requested -> active):
  custom:srp/default-shader: 0000e00a000e0de00000e000e02d0000 -> 0000e00a000e0de00000e000e0000000
========================================================================
Received Prepare
Registering precompiled user dll's ...
Registered in 0.002229 seconds.
Begin MonoManager ReloadAssembly
Native extension for WindowsStandalone target not found
Refreshing native plugins compatible for Editor in 0.45 ms, found 1 plugins.
Preloading 0 native plugins for Editor in 0.00 ms.
Invoked RoslynAnalysisRunner static constructor.
RoslynAnalysisRunner will not be running.
RoslynAnalysisRunner has terminated.
Mono: successfully reloaded assembly
- Completed reload, in  0.921 seconds
Platform modules already initialized, skipping
Switching render pipeline 00000000000000000000000000000000 -> e3030e336a904214082913891bd41b8a
Shader 'Universal Render Pipeline/Particles/Lit': fallback shader 'Universal Render Pipeline/Particles/SimpleLit' not found
Shader 'Universal Render Pipeline/Particles/Lit': fallback shader 'Universal Render Pipeline/Particles/SimpleLit' not found
Refreshing native plugins compatible for Editor in 0.44 ms, found 1 plugins.
Preloading 0 native plugins for Editor in 0.00 ms.
Unloading 2855 Unused Serialized files (Serialized files now loaded: 0)
System memory in use before: 123.8 MB.
System memory in use after: 121.5 MB.

Unloading 48 unused Assets to reduce memory usage. Loaded Objects now: 3387.
Total: 3.944800 ms (FindLiveObjects: 0.289500 ms CreateObjectMapping: 0.168200 ms MarkObjects: 1.986900 ms  DeleteObjects: 1.499000 ms)

AssetImportParameters requested are different than current active one (requested -> active):
  custom:srp/default-shader: 0000e00a000e0de00000e000e02d0000 -> 0000e00a000e0de00000e000e0000000
========================================================================
Received Prepare
Registering precompiled user dll's ...
Registered in 0.001756 seconds.
Begin MonoManager ReloadAssembly
Native extension for WindowsStandalone target not found
Refreshing native plugins compatible for Editor in 0.44 ms, found 1 plugins.
Preloading 0 native plugins for Editor in 0.00 ms.
Invoked RoslynAnalysisRunner static constructor.
RoslynAnalysisRunner will not be running.
RoslynAnalysisRunner has terminated.
Mono: successfully reloaded assembly
- Completed reload, in  0.947 seconds
Platform modules already initialized, skipping
Switching render pipeline 00000000000000000000000000000000 -> e3030e336a904214082913891bd41b8a
Shader 'Universal Render Pipeline/Particles/Lit': fallback shader 'Universal Render Pipeline/Particles/SimpleLit' not found
Shader 'Universal Render Pipeline/Particles/Lit': fallback shader 'Universal Render Pipeline/Particles/SimpleLit' not found
Refreshing native plugins compatible for Editor in 0.76 ms, found 1 plugins.
Preloading 0 native plugins for Editor in 0.00 ms.
Unloading 2855 Unused Serialized files (Serialized files now loaded: 0)
System memory in use before: 123.9 MB.
System memory in use after: 121.6 MB.

Unloading 48 unused Assets to reduce memory usage. Loaded Objects now: 3390.
Total: 3.683300 ms (FindLiveObjects: 0.314300 ms CreateObjectMapping: 0.171800 ms MarkObjects: 1.778800 ms  DeleteObjects: 1.417600 ms)

AssetImportParameters requested are different than current active one (requested -> active):
  custom:srp/default-shader: 0000e00a000e0de00000e000e02d0000 -> 0000e00a000e0de00000e000e0000000
========================================================================
Received Prepare
Registering precompiled user dll's ...
Registered in 0.002214 seconds.
Begin MonoManager ReloadAssembly
Native extension for WindowsStandalone target not found
Refreshing native plugins compatible for Editor in 0.44 ms, found 1 plugins.
Preloading 0 native plugins for Editor in 0.00 ms.
Invoked RoslynAnalysisRunner static constructor.
RoslynAnalysisRunner will not be running.
RoslynAnalysisRunner has terminated.
Mono: successfully reloaded assembly
- Completed reload, in  0.921 seconds
Platform modules already initialized, skipping
Switching render pipeline 00000000000000000000000000000000 -> e3030e336a904214082913891bd41b8a
Shader 'Universal Render Pipeline/Particles/Lit': fallback shader 'Universal Render Pipeline/Particles/SimpleLit' not found
Shader 'Universal Render Pipeline/Particles/Lit': fallback shader 'Universal Render Pipeline/Particles/SimpleLit' not found
Refreshing native plugins compatible for Editor in 0.52 ms, found 1 plugins.
Preloading 0 native plugins for Editor in 0.00 ms.
Unloading 2855 Unused Serialized files (Serialized files now loaded: 0)
System memory in use before: 123.9 MB.
System memory in use after: 121.6 MB.

Unloading 48 unused Assets to reduce memory usage. Loaded Objects now: 3393.
Total: 3.534300 ms (FindLiveObjects: 0.253700 ms CreateObjectMapping: 0.157800 ms MarkObjects: 1.725700 ms  DeleteObjects: 1.395900 ms)

AssetImportParameters requested are different than current active one (requested -> active):
  custom:srp/default-shader: 0000e00a000e0de00000e000e02d0000 -> 0000e00a000e0de00000e000e0000000
========================================================================
Received Prepare
Registering precompiled user dll's ...
Registered in 0.001682 seconds.
Begin MonoManager ReloadAssembly
Native extension for WindowsStandalone target not found
Refreshing native plugins compatible for Editor in 0.53 ms, found 1 plugins.
Preloading 0 native plugins for Editor in 0.00 ms.
Invoked RoslynAnalysisRunner static constructor.
RoslynAnalysisRunner will not be running.
RoslynAnalysisRunner has terminated.
Mono: successfully reloaded assembly
- Completed reload, in  0.915 seconds
Platform modules already initialized, skipping
Switching render pipeline 00000000000000000000000000000000 -> e3030e336a904214082913891bd41b8a
Shader 'Universal Render Pipeline/Particles/Lit': fallback shader 'Universal Render Pipeline/Particles/SimpleLit' not found
Shader 'Universal Render Pipeline/Particles/Lit': fallback shader 'Universal Render Pipeline/Particles/SimpleLit' not found
Refreshing native plugins compatible for Editor in 0.43 ms, found 1 plugins.
Preloading 0 native plugins for Editor in 0.00 ms.
Unloading 2855 Unused Serialized files (Serialized files now loaded: 0)
System memory in use before: 123.9 MB.
System memory in use after: 121.6 MB.

Unloading 48 unused Assets to reduce memory usage. Loaded Objects now: 3396.
Total: 3.704500 ms (FindLiveObjects: 0.312500 ms CreateObjectMapping: 0.152200 ms MarkObjects: 1.881700 ms  DeleteObjects: 1.357100 ms)

AssetImportParameters requested are different than current active one (requested -> active):
  custom:srp/default-shader: 0000e00a000e0de00000e000e02d0000 -> 0000e00a000e0de00000e000e0000000
========================================================================
Received Prepare
Registering precompiled user dll's ...
Registered in 0.003377 seconds.
Begin MonoManager ReloadAssembly
Native extension for WindowsStandalone target not found
Refreshing native plugins compatible for Editor in 0.49 ms, found 1 plugins.
Preloading 0 native plugins for Editor in 0.00 ms.
Invoked RoslynAnalysisRunner static constructor.
RoslynAnalysisRunner will not be running.
RoslynAnalysisRunner has terminated.
Mono: successfully reloaded assembly
- Completed reload, in  1.242 seconds
Platform modules already initialized, skipping
Shader 'Universal Render Pipeline/Particles/Lit': fallback shader 'Universal Render Pipeline/Particles/SimpleLit' not found
Shader 'Universal Render Pipeline/Particles/Lit': fallback shader 'Universal Render Pipeline/Particles/SimpleLit' not found
Refreshing native plugins compatible for Editor in 0.50 ms, found 1 plugins.
Preloading 0 native plugins for Editor in 0.00 ms.
Unloading 2869 Unused Serialized files (Serialized files now loaded: 0)
System memory in use before: 125.6 MB.
System memory in use after: 122.7 MB.

Unloading 61 unused Assets to reduce memory usage. Loaded Objects now: 3400.
Total: 4.378300 ms (FindLiveObjects: 0.323800 ms CreateObjectMapping: 0.191600 ms MarkObjects: 2.203100 ms  DeleteObjects: 1.657900 ms)

AssetImportParameters requested are different than current active one (requested -> active):
  custom:srp/default-shader: 0000e00a000e0de00000e000e02d0000 -> 0000e00a000e0de00000e000e0000000
========================================================================
Received Prepare
Registering precompiled user dll's ...
Registered in 0.001856 seconds.
Begin MonoManager ReloadAssembly
Native extension for WindowsStandalone target not found
Refreshing native plugins compatible for Editor in 0.59 ms, found 1 plugins.
Preloading 0 native plugins for Editor in 0.00 ms.
Invoked RoslynAnalysisRunner static constructor.
RoslynAnalysisRunner will not be running.
RoslynAnalysisRunner has terminated.
Mono: successfully reloaded assembly
- Completed reload, in  1.122 seconds
Platform modules already initialized, skipping
Shader 'Universal Render Pipeline/Particles/Lit': fallback shader 'Universal Render Pipeline/Particles/SimpleLit' not found
Shader 'Universal Render Pipeline/Particles/Lit': fallback shader 'Universal Render Pipeline/Particles/SimpleLit' not found
Refreshing native plugins compatible for Editor in 0.45 ms, found 1 plugins.
Preloading 0 native plugins for Editor in 0.00 ms.
Unloading 2869 Unused Serialized files (Serialized files now loaded: 0)
System memory in use before: 125.6 MB.
System memory in use after: 122.7 MB.

Unloading 61 unused Assets to reduce memory usage. Loaded Objects now: 3403.
Total: 5.655100 ms (FindLiveObjects: 0.289400 ms CreateObjectMapping: 0.142600 ms MarkObjects: 3.314500 ms  DeleteObjects: 1.906700 ms)

AssetImportParameters requested are different than current active one (requested -> active):
  custom:srp/default-shader: 0000e00a000e0de00000e000e02d0000 -> 0000e00a000e0de00000e000e0000000
========================================================================
Received Import Request.
  Time since last request: 6706.091409 seconds.
  path: Assets/Scripts/IInteractable.cs
  artifactKey: Guid(e797796469a00dd45990e6dda25df8fe) Importer(815301076,1909f56bfc062723c751e8b465ee728b)
Start importing Assets/Scripts/IInteractable.cs using Guid(e797796469a00dd45990e6dda25df8fe) Importer(815301076,1909f56bfc062723c751e8b465ee728b)  -> (artifact id: 'ac4a30cc3c89ee43eec5bd3f8c329abb') in 0.121815 seconds
  Import took 0.192829 seconds .

========================================================================
Received Prepare
Registering precompiled user dll's ...
Registered in 0.002682 seconds.
Begin MonoManager ReloadAssembly
Native extension for WindowsStandalone target not found
Refreshing native plugins compatible for Editor in 0.51 ms, found 1 plugins.
Preloading 0 native plugins for Editor in 0.00 ms.
Invoked RoslynAnalysisRunner static constructor.
RoslynAnalysisRunner will not be running.
RoslynAnalysisRunner has terminated.
Mono: successfully reloaded assembly
- Completed reload, in  1.888 seconds
Platform modules already initialized, skipping
Shader 'Universal Render Pipeline/Particles/Lit': fallback shader 'Universal Render Pipeline/Particles/SimpleLit' not found
Shader 'Universal Render Pipeline/Particles/Lit': fallback shader 'Universal Render Pipeline/Particles/SimpleLit' not found
Refreshing native plugins compatible for Editor in 0.45 ms, found 1 plugins.
Preloading 0 native plugins for Editor in 0.00 ms.
Unloading 2870 Unused Serialized files (Serialized files now loaded: 0)
System memory in use before: 125.7 MB.
System memory in use after: 122.7 MB.

Unloading 61 unused Assets to reduce memory usage. Loaded Objects now: 3407.
Total: 5.713900 ms (FindLiveObjects: 0.472700 ms CreateObjectMapping: 0.229000 ms MarkObjects: 3.051300 ms  DeleteObjects: 1.958800 ms)

AssetImportParameters requested are different than current active one (requested -> active):
  custom:srp/default-shader: 0000e00a000e0de00000e000e02d0000 -> 0000e00a000e0de00000e000e0000000
========================================================================
Received Prepare
Registering precompiled user dll's ...
Registered in 0.001925 seconds.
Begin MonoManager ReloadAssembly
Native extension for WindowsStandalone target not found
Refreshing native plugins compatible for Editor in 0.44 ms, found 1 plugins.
Preloading 0 native plugins for Editor in 0.00 ms.
Invoked RoslynAnalysisRunner static constructor.
RoslynAnalysisRunner will not be running.
RoslynAnalysisRunner has terminated.
Mono: successfully reloaded assembly
- Completed reload, in  1.122 seconds
Platform modules already initialized, skipping
Shader 'Universal Render Pipeline/Particles/Lit': fallback shader 'Universal Render Pipeline/Particles/SimpleLit' not found
Shader 'Universal Render Pipeline/Particles/Lit': fallback shader 'Universal Render Pipeline/Particles/SimpleLit' not found
Refreshing native plugins compatible for Editor in 0.60 ms, found 1 plugins.
Preloading 0 native plugins for Editor in 0.00 ms.
Unloading 2870 Unused Serialized files (Serialized files now loaded: 0)
System memory in use before: 125.7 MB.
System memory in use after: 122.7 MB.

Unloading 61 unused Assets to reduce memory usage. Loaded Objects now: 3410.
Total: 3.674300 ms (FindLiveObjects: 0.254000 ms CreateObjectMapping: 0.135700 ms MarkObjects: 1.624600 ms  DeleteObjects: 1.659300 ms)

AssetImportParameters requested are different than current active one (requested -> active):
  custom:srp/default-shader: 0000e00a000e0de00000e000e02d0000 -> 0000e00a000e0de00000e000e0000000
========================================================================
Received Import Request.
  Time since last request: 37.634242 seconds.
  path: Assets/Scripts/IInteractable.cs
  artifactKey: Guid(e797796469a00dd45990e6dda25df8fe) Importer(815301076,1909f56bfc062723c751e8b465ee728b)
Start importing Assets/Scripts/IInteractable.cs using Guid(e797796469a00dd45990e6dda25df8fe) Importer(815301076,1909f56bfc062723c751e8b465ee728b)  -> (artifact id: 'b2a11d61f3febe47017f30f6a59d8175') in 0.012694 seconds
  Import took 0.017565 seconds .

========================================================================
Received Import Request.
  Time since last request: 9.284592 seconds.
  path: Assets/Scripts/Door.cs
  artifactKey: Guid(73220c3e5809d7b40a789f26518bce01) Importer(815301076,1909f56bfc062723c751e8b465ee728b)
Start importing Assets/Scripts/Door.cs using Guid(73220c3e5809d7b40a789f26518bce01) Importer(815301076,1909f56bfc062723c751e8b465ee728b)  -> (artifact id: '1fb458034e86bec7d9a4a373d2818d80') in 0.030913 seconds
  Import took 0.042097 seconds .

========================================================================
Received Prepare
Registering precompiled user dll's ...
Registered in 0.001930 seconds.
Begin MonoManager ReloadAssembly
Native extension for WindowsStandalone target not found
Refreshing native plugins compatible for Editor in 0.49 ms, found 1 plugins.
Preloading 0 native plugins for Editor in 0.00 ms.
Invoked RoslynAnalysisRunner static constructor.
RoslynAnalysisRunner will not be running.
RoslynAnalysisRunner has terminated.
Mono: successfully reloaded assembly
- Completed reload, in  1.717 seconds
Platform modules already initialized, skipping
Shader 'Universal Render Pipeline/Particles/Lit': fallback shader 'Universal Render Pipeline/Particles/SimpleLit' not found
Shader 'Universal Render Pipeline/Particles/Lit': fallback shader 'Universal Render Pipeline/Particles/SimpleLit' not found
Refreshing native plugins compatible for Editor in 0.56 ms, found 1 plugins.
Preloading 0 native plugins for Editor in 0.00 ms.
Unloading 2871 Unused Serialized files (Serialized files now loaded: 0)
System memory in use before: 125.7 MB.
System memory in use after: 122.8 MB.

Unloading 61 unused Assets to reduce memory usage. Loaded Objects now: 3414.
Total: 5.108100 ms (FindLiveObjects: 0.413200 ms CreateObjectMapping: 0.215200 ms MarkObjects: 2.257900 ms  DeleteObjects: 2.219800 ms)

AssetImportParameters requested are different than current active one (requested -> active):
  custom:srp/default-shader: 0000e00a000e0de00000e000e02d0000 -> 0000e00a000e0de00000e000e0000000
========================================================================
Received Prepare
Registering precompiled user dll's ...
Registered in 0.002194 seconds.
Begin MonoManager ReloadAssembly
Native extension for WindowsStandalone target not found
Refreshing native plugins compatible for Editor in 0.47 ms, found 1 plugins.
Preloading 0 native plugins for Editor in 0.00 ms.
Invoked RoslynAnalysisRunner static constructor.
RoslynAnalysisRunner will not be running.
RoslynAnalysisRunner has terminated.
Mono: successfully reloaded assembly
- Completed reload, in  1.133 seconds
Platform modules already initialized, skipping
Shader 'Universal Render Pipeline/Particles/Lit': fallback shader 'Universal Render Pipeline/Particles/SimpleLit' not found
Shader 'Universal Render Pipeline/Particles/Lit': fallback shader 'Universal Render Pipeline/Particles/SimpleLit' not found
Refreshing native plugins compatible for Editor in 0.60 ms, found 1 plugins.
Preloading 0 native plugins for Editor in 0.00 ms.
Unloading 2871 Unused Serialized files (Serialized files now loaded: 0)
System memory in use before: 125.7 MB.
System memory in use after: 122.8 MB.

Unloading 61 unused Assets to reduce memory usage. Loaded Objects now: 3417.
Total: 4.507300 ms (FindLiveObjects: 0.301600 ms CreateObjectMapping: 0.155400 ms MarkObjects: 2.244000 ms  DeleteObjects: 1.804700 ms)

AssetImportParameters requested are different than current active one (requested -> active):
  custom:srp/default-shader: 0000e00a000e0de00000e000e02d0000 -> 0000e00a000e0de00000e000e0000000
========================================================================
Received Import Request.
  Time since last request: 61.941977 seconds.
  path: Assets/Scripts/Door.cs
  artifactKey: Guid(73220c3e5809d7b40a789f26518bce01) Importer(815301076,1909f56bfc062723c751e8b465ee728b)
Start importing Assets/Scripts/Door.cs using Guid(73220c3e5809d7b40a789f26518bce01) Importer(815301076,1909f56bfc062723c751e8b465ee728b)  -> (artifact id: '77e554f3d8ed1b938b33ec0e8b25c5bc') in 0.007385 seconds
  Import took 0.012837 seconds .

========================================================================
Received Import Request.
  Time since last request: 1.279990 seconds.
  path: Assets/Scripts/PlayerInteract.cs
  artifactKey: Guid(57b113440be86d9499841c9b39bf2a0f) Importer(815301076,1909f56bfc062723c751e8b465ee728b)
Start importing Assets/Scripts/PlayerInteract.cs using Guid(57b113440be86d9499841c9b39bf2a0f) Importer(815301076,1909f56bfc062723c751e8b465ee728b)  -> (artifact id: '4153f785044bdb7f84aa25e4ab8f2ad7') in 0.016506 seconds
  Import took 0.021042 seconds .

========================================================================
Received Prepare
Registering precompiled user dll's ...
Registered in 0.003345 seconds.
Begin MonoManager ReloadAssembly
Native extension for WindowsStandalone target not found
Refreshing native plugins compatible for Editor in 0.53 ms, found 1 plugins.
Preloading 0 native plugins for Editor in 0.00 ms.
Invoked RoslynAnalysisRunner static constructor.
RoslynAnalysisRunner will not be running.
RoslynAnalysisRunner has terminated.
Mono: successfully reloaded assembly
- Completed reload, in  1.053 seconds
Platform modules already initialized, skipping
Shader 'Universal Render Pipeline/Particles/Lit': fallback shader 'Universal Render Pipeline/Particles/SimpleLit' not found
Shader 'Universal Render Pipeline/Particles/Lit': fallback shader 'Universal Render Pipeline/Particles/SimpleLit' not found
Refreshing native plugins compatible for Editor in 0.44 ms, found 1 plugins.
Preloading 0 native plugins for Editor in 0.00 ms.
Unloading 2871 Unused Serialized files (Serialized files now loaded: 0)
System memory in use before: 125.7 MB.
System memory in use after: 122.8 MB.

Unloading 61 unused Assets to reduce memory usage. Loaded Objects now: 3420.
Total: 4.233200 ms (FindLiveObjects: 0.358600 ms CreateObjectMapping: 0.154300 ms MarkObjects: 1.963900 ms  DeleteObjects: 1.755100 ms)

AssetImportParameters requested are different than current active one (requested -> active):
  custom:srp/default-shader: 0000e00a000e0de00000e000e02d0000 -> 0000e00a000e0de00000e000e0000000
========================================================================
Received Import Request.
  Time since last request: 193.848398 seconds.
  path: Assets/Scripts/PlayerInteract.cs
  artifactKey: Guid(57b113440be86d9499841c9b39bf2a0f) Importer(815301076,1909f56bfc062723c751e8b465ee728b)
Start importing Assets/Scripts/PlayerInteract.cs using Guid(57b113440be86d9499841c9b39bf2a0f) Importer(815301076,1909f56bfc062723c751e8b465ee728b)  -> (artifact id: 'aa07ea3ea645ac38557d94e882a4bcb3') in 0.007302 seconds
  Import took 0.011702 seconds .

========================================================================
Received Prepare
Registering precompiled user dll's ...
Registered in 0.001766 seconds.
Begin MonoManager ReloadAssembly
Native extension for WindowsStandalone target not found
Refreshing native plugins compatible for Editor in 0.44 ms, found 1 plugins.
Preloading 0 native plugins for Editor in 0.00 ms.
Invoked RoslynAnalysisRunner static constructor.
RoslynAnalysisRunner will not be running.
RoslynAnalysisRunner has terminated.
Mono: successfully reloaded assembly
- Completed reload, in  1.000 seconds
Platform modules already initialized, skipping
Shader 'Universal Render Pipeline/Particles/Lit': fallback shader 'Universal Render Pipeline/Particles/SimpleLit' not found
Shader 'Universal Render Pipeline/Particles/Lit': fallback shader 'Universal Render Pipeline/Particles/SimpleLit' not found
Refreshing native plugins compatible for Editor in 0.45 ms, found 1 plugins.
Preloading 0 native plugins for Editor in 0.00 ms.
Unloading 2871 Unused Serialized files (Serialized files now loaded: 0)
System memory in use before: 125.7 MB.
System memory in use after: 122.8 MB.

Unloading 61 unused Assets to reduce memory usage. Loaded Objects now: 3423.
Total: 3.856000 ms (FindLiveObjects: 0.396800 ms CreateObjectMapping: 0.160700 ms MarkObjects: 1.666500 ms  DeleteObjects: 1.630800 ms)

AssetImportParameters requested are different than current active one (requested -> active):
  custom:srp/default-shader: 0000e00a000e0de00000e000e02d0000 -> 0000e00a000e0de00000e000e0000000
========================================================================
Received Import Request.
  Time since last request: 2316.424709 seconds.
  path: Assets/Scripts/PlayerInteract.cs
  artifactKey: Guid(57b113440be86d9499841c9b39bf2a0f) Importer(815301076,1909f56bfc062723c751e8b465ee728b)
Start importing Assets/Scripts/PlayerInteract.cs using Guid(57b113440be86d9499841c9b39bf2a0f) Importer(815301076,1909f56bfc062723c751e8b465ee728b)  -> (artifact id: 'ef78af3596af703278469465b887d709') in 0.007735 seconds
  Import took 0.017004 seconds .

AssetImportWorkerClient::OnTransportError - code=2 error=End of file
